12:50:36 [TRACE] (1) nih_plug::wrapper::vst3::wrapper: [C:\Users\azur\.cargo\git\checkouts\nih-plug-a2d2dc277b128e13\5ae23f5\src\wrapper\vst3\wrapper.rs:486] Saved state (699 bytes)
12:50:36 [TRACE] (1) nih_plug::wrapper::vst3::wrapper: [C:\Users\azur\.cargo\git\checkouts\nih-plug-a2d2dc277b128e13\5ae23f5\src\wrapper\vst3\wrapper.rs:486] Saved state (699 bytes)
12:50:36 [INFO] cosmic_text::font::system::std: Mapped 342 font faces in 27ms.
12:50:37 [INFO] cosmic_text::font::system::std: Mapped 343 font faces in 0ms.
12:50:37 [DEBUG] (1) cosmic_text::font::system::std: font matches for Attrs { color_opt: Some(Color(4294440951)), family: Name("Phlatt Grotesk"), monospaced: false, stretch: Normal, style: Normal, weight: Weight(400), metadata: 0 } in 108.3945ms
12:50:37 [DEBUG] (1) cosmic_text::font::system::std: font matches for Attrs { color_opt: Some(Color(4294923091)), family: Name("Phlatt Grotesk"), monospaced: false, stretch: Normal, style: Normal, weight: Weight(400), metadata: 0 } in 178.4µs
12:50:37 [DEBUG] (1) cosmic_text::font::system::std: font matches for Attrs { color_opt: None, family: SansSerif, monospaced: false, stretch: Normal, style: Normal, weight: Weight(400), metadata: 0 } in 176.4µs
12:53:29 [TRACE] (1) nih_plug::wrapper::vst3::wrapper: [C:\Users\azur\.cargo\git\checkouts\nih-plug-a2d2dc277b128e13\5ae23f5\src\wrapper\vst3\wrapper.rs:486] Saved state (699 bytes)
12:53:29 [TRACE] (1) nih_plug::wrapper::vst3::wrapper: [C:\Users\azur\.cargo\git\checkouts\nih-plug-a2d2dc277b128e13\5ae23f5\src\wrapper\vst3\wrapper.rs:486] Saved state (699 bytes)
12:53:30 [INFO] cosmic_text::font::system::std: Mapped 342 font faces in 34ms.
12:53:30 [INFO] cosmic_text::font::system::std: Mapped 343 font faces in 0ms.
12:53:30 [DEBUG] (1) cosmic_text::font::system::std: font matches for Attrs { color_opt: Some(Color(4294440951)), family: Name("Phlatt Grotesk"), monospaced: false, stretch: Normal, style: Normal, weight: Weight(400), metadata: 0 } in 124.9885ms
12:53:30 [DEBUG] (1) cosmic_text::font::system::std: font matches for Attrs { color_opt: Some(Color(4294923091)), family: Name("Phlatt Grotesk"), monospaced: false, stretch: Normal, style: Normal, weight: Weight(400), metadata: 0 } in 222.6µs
12:53:30 [DEBUG] (1) cosmic_text::font::system::std: font matches for Attrs { color_opt: None, family: SansSerif, monospaced: false, stretch: Normal, style: Normal, weight: Weight(400), metadata: 0 } in 221.7µs
12:56:24 [TRACE] (1) nih_plug::wrapper::vst3::wrapper: [C:\Users\azur\.cargo\git\checkouts\nih-plug-a2d2dc277b128e13\5ae23f5\src\wrapper\vst3\wrapper.rs:486] Saved state (699 bytes)
12:56:24 [TRACE] (1) nih_plug::wrapper::vst3::wrapper: [C:\Users\azur\.cargo\git\checkouts\nih-plug-a2d2dc277b128e13\5ae23f5\src\wrapper\vst3\wrapper.rs:486] Saved state (699 bytes)
12:56:24 [INFO] cosmic_text::font::system::std: Mapped 342 font faces in 30ms.
12:56:24 [INFO] cosmic_text::font::system::std: Mapped 343 font faces in 0ms.
12:56:24 [DEBUG] (1) cosmic_text::font::system::std: font matches for Attrs { color_opt: Some(Color(4294440951)), family: Name("Phlatt Grotesk"), monospaced: false, stretch: Normal, style: Normal, weight: Weight(400), metadata: 0 } in 126.6309ms
12:56:25 [DEBUG] (1) cosmic_text::font::system::std: font matches for Attrs { color_opt: Some(Color(4294923091)), family: Name("Phlatt Grotesk"), monospaced: false, stretch: Normal, style: Normal, weight: Weight(400), metadata: 0 } in 243.7µs
12:56:25 [DEBUG] (1) cosmic_text::font::system::std: font matches for Attrs { color_opt: None, family: SansSerif, monospaced: false, stretch: Normal, style: Normal, weight: Weight(400), metadata: 0 } in 297.2µs
